[2024-07-12T00:00:03.003+0000] {processor.py:161} INFO - Started process (PID=359) to work on /opt/airflow/dags/data-ingestion.py
[2024-07-12T00:00:03.004+0000] {processor.py:830} INFO - Processing file /opt/airflow/dags/data-ingestion.py for tasks to queue
[2024-07-12T00:00:03.005+0000] {logging_mixin.py:188} INFO - [2024-07-12T00:00:03.005+0000] {dagbag.py:540} INFO - Filling up the DagBag from /opt/airflow/dags/data-ingestion.py
[2024-07-12T00:00:03.028+0000] {logging_mixin.py:188} INFO - [2024-07-12T00:00:03.028+0000] {base.py:83} INFO - Using connection ID 'datahub_rest_default' for task execution.
[2024-07-12T00:00:03.032+0000] {processor.py:840} INFO - DAG(s) 'data-ingestion' retrieved from /opt/airflow/dags/data-ingestion.py
[2024-07-12T00:00:03.042+0000] {logging_mixin.py:188} INFO - [2024-07-12T00:00:03.042+0000] {dag.py:3047} INFO - Sync 1 DAGs
[2024-07-12T00:00:03.049+0000] {logging_mixin.py:188} INFO - [2024-07-12T00:00:03.049+0000] {dag.py:3834} INFO - Setting next_dagrun for data-ingestion to None, run_after=None
[2024-07-12T00:00:03.058+0000] {processor.py:183} INFO - Processing /opt/airflow/dags/data-ingestion.py took 0.059 seconds
[2024-07-12T00:00:33.303+0000] {processor.py:161} INFO - Started process (PID=364) to work on /opt/airflow/dags/data-ingestion.py
[2024-07-12T00:00:33.305+0000] {processor.py:830} INFO - Processing file /opt/airflow/dags/data-ingestion.py for tasks to queue
[2024-07-12T00:00:33.306+0000] {logging_mixin.py:188} INFO - [2024-07-12T00:00:33.306+0000] {dagbag.py:540} INFO - Filling up the DagBag from /opt/airflow/dags/data-ingestion.py
[2024-07-12T00:00:33.329+0000] {logging_mixin.py:188} INFO - [2024-07-12T00:00:33.328+0000] {base.py:83} INFO - Using connection ID 'datahub_rest_default' for task execution.
[2024-07-12T00:00:33.347+0000] {processor.py:840} INFO - DAG(s) 'data-ingestion' retrieved from /opt/airflow/dags/data-ingestion.py
[2024-07-12T00:00:33.359+0000] {logging_mixin.py:188} INFO - [2024-07-12T00:00:33.359+0000] {dag.py:3047} INFO - Sync 1 DAGs
[2024-07-12T00:00:33.368+0000] {logging_mixin.py:188} INFO - [2024-07-12T00:00:33.368+0000] {dag.py:3834} INFO - Setting next_dagrun for data-ingestion to None, run_after=None
[2024-07-12T00:00:33.387+0000] {processor.py:183} INFO - Processing /opt/airflow/dags/data-ingestion.py took 0.088 seconds
[2024-07-12T00:01:03.597+0000] {processor.py:161} INFO - Started process (PID=369) to work on /opt/airflow/dags/data-ingestion.py
[2024-07-12T00:01:03.600+0000] {processor.py:830} INFO - Processing file /opt/airflow/dags/data-ingestion.py for tasks to queue
[2024-07-12T00:01:03.602+0000] {logging_mixin.py:188} INFO - [2024-07-12T00:01:03.601+0000] {dagbag.py:540} INFO - Filling up the DagBag from /opt/airflow/dags/data-ingestion.py
[2024-07-12T00:01:03.641+0000] {logging_mixin.py:188} INFO - [2024-07-12T00:01:03.640+0000] {base.py:83} INFO - Using connection ID 'datahub_rest_default' for task execution.
[2024-07-12T00:01:03.646+0000] {processor.py:840} INFO - DAG(s) 'data-ingestion' retrieved from /opt/airflow/dags/data-ingestion.py
[2024-07-12T00:01:03.680+0000] {logging_mixin.py:188} INFO - [2024-07-12T00:01:03.679+0000] {dag.py:3047} INFO - Sync 1 DAGs
[2024-07-12T00:01:03.692+0000] {logging_mixin.py:188} INFO - [2024-07-12T00:01:03.692+0000] {dag.py:3834} INFO - Setting next_dagrun for data-ingestion to None, run_after=None
[2024-07-12T00:01:03.718+0000] {processor.py:183} INFO - Processing /opt/airflow/dags/data-ingestion.py took 0.131 seconds
[2024-07-12T00:01:33.983+0000] {processor.py:161} INFO - Started process (PID=374) to work on /opt/airflow/dags/data-ingestion.py
[2024-07-12T00:01:33.985+0000] {processor.py:830} INFO - Processing file /opt/airflow/dags/data-ingestion.py for tasks to queue
[2024-07-12T00:01:33.986+0000] {logging_mixin.py:188} INFO - [2024-07-12T00:01:33.985+0000] {dagbag.py:540} INFO - Filling up the DagBag from /opt/airflow/dags/data-ingestion.py
[2024-07-12T00:01:34.024+0000] {logging_mixin.py:188} INFO - [2024-07-12T00:01:34.024+0000] {base.py:83} INFO - Using connection ID 'datahub_rest_default' for task execution.
[2024-07-12T00:01:34.028+0000] {processor.py:840} INFO - DAG(s) 'data-ingestion' retrieved from /opt/airflow/dags/data-ingestion.py
[2024-07-12T00:01:34.037+0000] {logging_mixin.py:188} INFO - [2024-07-12T00:01:34.037+0000] {dag.py:3047} INFO - Sync 1 DAGs
[2024-07-12T00:01:34.044+0000] {logging_mixin.py:188} INFO - [2024-07-12T00:01:34.043+0000] {dag.py:3834} INFO - Setting next_dagrun for data-ingestion to None, run_after=None
[2024-07-12T00:01:34.053+0000] {processor.py:183} INFO - Processing /opt/airflow/dags/data-ingestion.py took 0.074 seconds
[2024-07-12T00:02:04.283+0000] {processor.py:161} INFO - Started process (PID=593) to work on /opt/airflow/dags/data-ingestion.py
[2024-07-12T00:02:04.285+0000] {processor.py:830} INFO - Processing file /opt/airflow/dags/data-ingestion.py for tasks to queue
[2024-07-12T00:02:04.286+0000] {logging_mixin.py:188} INFO - [2024-07-12T00:02:04.286+0000] {dagbag.py:540} INFO - Filling up the DagBag from /opt/airflow/dags/data-ingestion.py
[2024-07-12T00:02:04.313+0000] {logging_mixin.py:188} INFO - [2024-07-12T00:02:04.313+0000] {base.py:83} INFO - Using connection ID 'datahub_rest_default' for task execution.
[2024-07-12T00:02:04.318+0000] {processor.py:840} INFO - DAG(s) 'data-ingestion' retrieved from /opt/airflow/dags/data-ingestion.py
[2024-07-12T00:02:04.345+0000] {logging_mixin.py:188} INFO - [2024-07-12T00:02:04.344+0000] {dag.py:3047} INFO - Sync 1 DAGs
[2024-07-12T00:02:04.354+0000] {logging_mixin.py:188} INFO - [2024-07-12T00:02:04.353+0000] {dag.py:3834} INFO - Setting next_dagrun for data-ingestion to None, run_after=None
[2024-07-12T00:02:04.367+0000] {processor.py:183} INFO - Processing /opt/airflow/dags/data-ingestion.py took 0.088 seconds
[2024-07-12T00:04:30.856+0000] {processor.py:161} INFO - Started process (PID=169) to work on /opt/airflow/dags/data-ingestion.py
[2024-07-12T00:04:30.857+0000] {processor.py:830} INFO - Processing file /opt/airflow/dags/data-ingestion.py for tasks to queue
[2024-07-12T00:04:30.858+0000] {logging_mixin.py:188} INFO - [2024-07-12T00:04:30.858+0000] {dagbag.py:540} INFO - Filling up the DagBag from /opt/airflow/dags/data-ingestion.py
[2024-07-12T00:04:30.886+0000] {logging_mixin.py:188} INFO - [2024-07-12T00:04:30.886+0000] {base.py:83} INFO - Using connection ID 'datahub_rest_default' for task execution.
[2024-07-12T00:04:30.890+0000] {processor.py:840} INFO - DAG(s) 'data-ingestion' retrieved from /opt/airflow/dags/data-ingestion.py
[2024-07-12T00:04:30.895+0000] {logging_mixin.py:188} INFO - [2024-07-12T00:04:30.894+0000] {dag.py:3047} INFO - Sync 1 DAGs
[2024-07-12T00:04:30.930+0000] {logging_mixin.py:188} INFO - [2024-07-12T00:04:30.929+0000] {dag.py:3834} INFO - Setting next_dagrun for data-ingestion to None, run_after=None
[2024-07-12T00:04:30.947+0000] {processor.py:183} INFO - Processing /opt/airflow/dags/data-ingestion.py took 0.098 seconds
[2024-07-12T00:05:01.194+0000] {processor.py:161} INFO - Started process (PID=174) to work on /opt/airflow/dags/data-ingestion.py
[2024-07-12T00:05:01.195+0000] {processor.py:830} INFO - Processing file /opt/airflow/dags/data-ingestion.py for tasks to queue
[2024-07-12T00:05:01.196+0000] {logging_mixin.py:188} INFO - [2024-07-12T00:05:01.196+0000] {dagbag.py:540} INFO - Filling up the DagBag from /opt/airflow/dags/data-ingestion.py
[2024-07-12T00:05:01.220+0000] {logging_mixin.py:188} INFO - [2024-07-12T00:05:01.220+0000] {base.py:83} INFO - Using connection ID 'datahub_rest_default' for task execution.
[2024-07-12T00:05:01.225+0000] {processor.py:840} INFO - DAG(s) 'data-ingestion' retrieved from /opt/airflow/dags/data-ingestion.py
[2024-07-12T00:05:01.301+0000] {logging_mixin.py:188} INFO - [2024-07-12T00:05:01.300+0000] {dag.py:3047} INFO - Sync 1 DAGs
[2024-07-12T00:05:01.307+0000] {logging_mixin.py:188} INFO - [2024-07-12T00:05:01.306+0000] {dag.py:3834} INFO - Setting next_dagrun for data-ingestion to None, run_after=None
[2024-07-12T00:05:01.671+0000] {processor.py:183} INFO - Processing /opt/airflow/dags/data-ingestion.py took 0.481 seconds
[2024-07-12T00:05:31.924+0000] {processor.py:161} INFO - Started process (PID=179) to work on /opt/airflow/dags/data-ingestion.py
[2024-07-12T00:05:31.926+0000] {processor.py:830} INFO - Processing file /opt/airflow/dags/data-ingestion.py for tasks to queue
[2024-07-12T00:05:31.927+0000] {logging_mixin.py:188} INFO - [2024-07-12T00:05:31.926+0000] {dagbag.py:540} INFO - Filling up the DagBag from /opt/airflow/dags/data-ingestion.py
[2024-07-12T00:05:31.970+0000] {logging_mixin.py:188} INFO - [2024-07-12T00:05:31.970+0000] {base.py:83} INFO - Using connection ID 'datahub_rest_default' for task execution.
[2024-07-12T00:05:31.974+0000] {processor.py:840} INFO - DAG(s) 'data-ingestion' retrieved from /opt/airflow/dags/data-ingestion.py
[2024-07-12T00:05:31.983+0000] {logging_mixin.py:188} INFO - [2024-07-12T00:05:31.983+0000] {dag.py:3047} INFO - Sync 1 DAGs
[2024-07-12T00:05:31.990+0000] {logging_mixin.py:188} INFO - [2024-07-12T00:05:31.990+0000] {dag.py:3834} INFO - Setting next_dagrun for data-ingestion to None, run_after=None
[2024-07-12T00:05:32.000+0000] {processor.py:183} INFO - Processing /opt/airflow/dags/data-ingestion.py took 0.080 seconds
[2024-07-12T00:06:02.202+0000] {processor.py:161} INFO - Started process (PID=184) to work on /opt/airflow/dags/data-ingestion.py
[2024-07-12T00:06:02.204+0000] {processor.py:830} INFO - Processing file /opt/airflow/dags/data-ingestion.py for tasks to queue
[2024-07-12T00:06:02.205+0000] {logging_mixin.py:188} INFO - [2024-07-12T00:06:02.204+0000] {dagbag.py:540} INFO - Filling up the DagBag from /opt/airflow/dags/data-ingestion.py
[2024-07-12T00:06:02.230+0000] {logging_mixin.py:188} INFO - [2024-07-12T00:06:02.230+0000] {base.py:83} INFO - Using connection ID 'datahub_rest_default' for task execution.
[2024-07-12T00:06:02.233+0000] {processor.py:840} INFO - DAG(s) 'data-ingestion' retrieved from /opt/airflow/dags/data-ingestion.py
[2024-07-12T00:06:02.242+0000] {logging_mixin.py:188} INFO - [2024-07-12T00:06:02.242+0000] {dag.py:3047} INFO - Sync 1 DAGs
[2024-07-12T00:06:02.248+0000] {logging_mixin.py:188} INFO - [2024-07-12T00:06:02.248+0000] {dag.py:3834} INFO - Setting next_dagrun for data-ingestion to None, run_after=None
[2024-07-12T00:06:02.258+0000] {processor.py:183} INFO - Processing /opt/airflow/dags/data-ingestion.py took 0.060 seconds
[2024-07-12T00:06:32.574+0000] {processor.py:161} INFO - Started process (PID=189) to work on /opt/airflow/dags/data-ingestion.py
[2024-07-12T00:06:32.575+0000] {processor.py:830} INFO - Processing file /opt/airflow/dags/data-ingestion.py for tasks to queue
[2024-07-12T00:06:32.576+0000] {logging_mixin.py:188} INFO - [2024-07-12T00:06:32.575+0000] {dagbag.py:540} INFO - Filling up the DagBag from /opt/airflow/dags/data-ingestion.py
[2024-07-12T00:06:32.597+0000] {logging_mixin.py:188} INFO - [2024-07-12T00:06:32.597+0000] {base.py:83} INFO - Using connection ID 'datahub_rest_default' for task execution.
[2024-07-12T00:06:32.602+0000] {processor.py:840} INFO - DAG(s) 'data-ingestion' retrieved from /opt/airflow/dags/data-ingestion.py
[2024-07-12T00:06:32.611+0000] {logging_mixin.py:188} INFO - [2024-07-12T00:06:32.611+0000] {dag.py:3047} INFO - Sync 1 DAGs
[2024-07-12T00:06:32.617+0000] {logging_mixin.py:188} INFO - [2024-07-12T00:06:32.617+0000] {dag.py:3834} INFO - Setting next_dagrun for data-ingestion to None, run_after=None
[2024-07-12T00:06:32.628+0000] {processor.py:183} INFO - Processing /opt/airflow/dags/data-ingestion.py took 0.059 seconds
[2024-07-12T00:07:02.829+0000] {processor.py:161} INFO - Started process (PID=225) to work on /opt/airflow/dags/data-ingestion.py
[2024-07-12T00:07:02.832+0000] {processor.py:830} INFO - Processing file /opt/airflow/dags/data-ingestion.py for tasks to queue
[2024-07-12T00:07:02.833+0000] {logging_mixin.py:188} INFO - [2024-07-12T00:07:02.833+0000] {dagbag.py:540} INFO - Filling up the DagBag from /opt/airflow/dags/data-ingestion.py
[2024-07-12T00:07:02.865+0000] {logging_mixin.py:188} INFO - [2024-07-12T00:07:02.864+0000] {base.py:83} INFO - Using connection ID 'datahub_rest_default' for task execution.
[2024-07-12T00:07:02.870+0000] {processor.py:840} INFO - DAG(s) 'data-ingestion' retrieved from /opt/airflow/dags/data-ingestion.py
[2024-07-12T00:07:02.883+0000] {logging_mixin.py:188} INFO - [2024-07-12T00:07:02.883+0000] {dag.py:3047} INFO - Sync 1 DAGs
[2024-07-12T00:07:02.898+0000] {logging_mixin.py:188} INFO - [2024-07-12T00:07:02.898+0000] {dag.py:3834} INFO - Setting next_dagrun for data-ingestion to None, run_after=None
[2024-07-12T00:07:02.941+0000] {processor.py:183} INFO - Processing /opt/airflow/dags/data-ingestion.py took 0.130 seconds
[2024-07-12T00:07:33.073+0000] {processor.py:161} INFO - Started process (PID=264) to work on /opt/airflow/dags/data-ingestion.py
[2024-07-12T00:07:33.074+0000] {processor.py:830} INFO - Processing file /opt/airflow/dags/data-ingestion.py for tasks to queue
[2024-07-12T00:07:33.075+0000] {logging_mixin.py:188} INFO - [2024-07-12T00:07:33.075+0000] {dagbag.py:540} INFO - Filling up the DagBag from /opt/airflow/dags/data-ingestion.py
[2024-07-12T00:07:33.098+0000] {logging_mixin.py:188} INFO - [2024-07-12T00:07:33.098+0000] {base.py:83} INFO - Using connection ID 'datahub_rest_default' for task execution.
[2024-07-12T00:07:33.102+0000] {processor.py:840} INFO - DAG(s) 'data-ingestion' retrieved from /opt/airflow/dags/data-ingestion.py
[2024-07-12T00:07:33.111+0000] {logging_mixin.py:188} INFO - [2024-07-12T00:07:33.111+0000] {dag.py:3047} INFO - Sync 1 DAGs
[2024-07-12T00:07:33.118+0000] {logging_mixin.py:188} INFO - [2024-07-12T00:07:33.117+0000] {dag.py:3834} INFO - Setting next_dagrun for data-ingestion to None, run_after=None
[2024-07-12T00:07:33.127+0000] {processor.py:183} INFO - Processing /opt/airflow/dags/data-ingestion.py took 0.058 seconds
[2024-07-12T00:08:03.403+0000] {processor.py:161} INFO - Started process (PID=269) to work on /opt/airflow/dags/data-ingestion.py
[2024-07-12T00:08:03.404+0000] {processor.py:830} INFO - Processing file /opt/airflow/dags/data-ingestion.py for tasks to queue
[2024-07-12T00:08:03.404+0000] {logging_mixin.py:188} INFO - [2024-07-12T00:08:03.404+0000] {dagbag.py:540} INFO - Filling up the DagBag from /opt/airflow/dags/data-ingestion.py
[2024-07-12T00:08:03.444+0000] {logging_mixin.py:188} INFO - [2024-07-12T00:08:03.443+0000] {base.py:83} INFO - Using connection ID 'datahub_rest_default' for task execution.
[2024-07-12T00:08:03.452+0000] {processor.py:840} INFO - DAG(s) 'data-ingestion' retrieved from /opt/airflow/dags/data-ingestion.py
[2024-07-12T00:08:03.463+0000] {logging_mixin.py:188} INFO - [2024-07-12T00:08:03.463+0000] {dag.py:3047} INFO - Sync 1 DAGs
[2024-07-12T00:08:03.471+0000] {logging_mixin.py:188} INFO - [2024-07-12T00:08:03.471+0000] {dag.py:3834} INFO - Setting next_dagrun for data-ingestion to None, run_after=None
[2024-07-12T00:08:03.483+0000] {processor.py:183} INFO - Processing /opt/airflow/dags/data-ingestion.py took 0.083 seconds
[2024-07-12T00:08:33.695+0000] {processor.py:161} INFO - Started process (PID=282) to work on /opt/airflow/dags/data-ingestion.py
[2024-07-12T00:08:33.696+0000] {processor.py:830} INFO - Processing file /opt/airflow/dags/data-ingestion.py for tasks to queue
[2024-07-12T00:08:33.697+0000] {logging_mixin.py:188} INFO - [2024-07-12T00:08:33.697+0000] {dagbag.py:540} INFO - Filling up the DagBag from /opt/airflow/dags/data-ingestion.py
[2024-07-12T00:08:33.720+0000] {logging_mixin.py:188} INFO - [2024-07-12T00:08:33.719+0000] {base.py:83} INFO - Using connection ID 'datahub_rest_default' for task execution.
[2024-07-12T00:08:33.723+0000] {processor.py:840} INFO - DAG(s) 'data-ingestion' retrieved from /opt/airflow/dags/data-ingestion.py
[2024-07-12T00:08:33.732+0000] {logging_mixin.py:188} INFO - [2024-07-12T00:08:33.731+0000] {dag.py:3047} INFO - Sync 1 DAGs
[2024-07-12T00:08:33.739+0000] {logging_mixin.py:188} INFO - [2024-07-12T00:08:33.739+0000] {dag.py:3834} INFO - Setting next_dagrun for data-ingestion to None, run_after=None
[2024-07-12T00:08:33.749+0000] {processor.py:183} INFO - Processing /opt/airflow/dags/data-ingestion.py took 0.057 seconds
[2024-07-12T00:09:04.013+0000] {processor.py:161} INFO - Started process (PID=339) to work on /opt/airflow/dags/data-ingestion.py
[2024-07-12T00:09:04.014+0000] {processor.py:830} INFO - Processing file /opt/airflow/dags/data-ingestion.py for tasks to queue
[2024-07-12T00:09:04.016+0000] {logging_mixin.py:188} INFO - [2024-07-12T00:09:04.015+0000] {dagbag.py:540} INFO - Filling up the DagBag from /opt/airflow/dags/data-ingestion.py
[2024-07-12T00:09:04.066+0000] {logging_mixin.py:188} INFO - [2024-07-12T00:09:04.065+0000] {base.py:83} INFO - Using connection ID 'datahub_rest_default' for task execution.
[2024-07-12T00:09:04.070+0000] {processor.py:840} INFO - DAG(s) 'data-ingestion' retrieved from /opt/airflow/dags/data-ingestion.py
[2024-07-12T00:09:04.082+0000] {logging_mixin.py:188} INFO - [2024-07-12T00:09:04.082+0000] {dag.py:3047} INFO - Sync 1 DAGs
[2024-07-12T00:09:04.090+0000] {logging_mixin.py:188} INFO - [2024-07-12T00:09:04.090+0000] {dag.py:3834} INFO - Setting next_dagrun for data-ingestion to None, run_after=None
[2024-07-12T00:09:04.100+0000] {processor.py:183} INFO - Processing /opt/airflow/dags/data-ingestion.py took 0.092 seconds
[2024-07-12T00:09:34.359+0000] {processor.py:161} INFO - Started process (PID=395) to work on /opt/airflow/dags/data-ingestion.py
[2024-07-12T00:09:34.360+0000] {processor.py:830} INFO - Processing file /opt/airflow/dags/data-ingestion.py for tasks to queue
[2024-07-12T00:09:34.361+0000] {logging_mixin.py:188} INFO - [2024-07-12T00:09:34.361+0000] {dagbag.py:540} INFO - Filling up the DagBag from /opt/airflow/dags/data-ingestion.py
[2024-07-12T00:09:34.388+0000] {logging_mixin.py:188} INFO - [2024-07-12T00:09:34.388+0000] {base.py:83} INFO - Using connection ID 'datahub_rest_default' for task execution.
[2024-07-12T00:09:34.393+0000] {processor.py:840} INFO - DAG(s) 'data-ingestion' retrieved from /opt/airflow/dags/data-ingestion.py
[2024-07-12T00:09:34.402+0000] {logging_mixin.py:188} INFO - [2024-07-12T00:09:34.402+0000] {dag.py:3047} INFO - Sync 1 DAGs
[2024-07-12T00:09:34.412+0000] {logging_mixin.py:188} INFO - [2024-07-12T00:09:34.412+0000] {dag.py:3834} INFO - Setting next_dagrun for data-ingestion to None, run_after=None
[2024-07-12T00:09:34.431+0000] {processor.py:183} INFO - Processing /opt/airflow/dags/data-ingestion.py took 0.077 seconds
[2024-07-12T00:10:04.677+0000] {processor.py:161} INFO - Started process (PID=417) to work on /opt/airflow/dags/data-ingestion.py
[2024-07-12T00:10:04.678+0000] {processor.py:830} INFO - Processing file /opt/airflow/dags/data-ingestion.py for tasks to queue
[2024-07-12T00:10:04.679+0000] {logging_mixin.py:188} INFO - [2024-07-12T00:10:04.679+0000] {dagbag.py:540} INFO - Filling up the DagBag from /opt/airflow/dags/data-ingestion.py
[2024-07-12T00:10:04.710+0000] {logging_mixin.py:188} INFO - [2024-07-12T00:10:04.710+0000] {base.py:83} INFO - Using connection ID 'datahub_rest_default' for task execution.
[2024-07-12T00:10:04.714+0000] {processor.py:840} INFO - DAG(s) 'data-ingestion' retrieved from /opt/airflow/dags/data-ingestion.py
[2024-07-12T00:10:04.722+0000] {logging_mixin.py:188} INFO - [2024-07-12T00:10:04.722+0000] {dag.py:3047} INFO - Sync 1 DAGs
[2024-07-12T00:10:04.729+0000] {logging_mixin.py:188} INFO - [2024-07-12T00:10:04.729+0000] {dag.py:3834} INFO - Setting next_dagrun for data-ingestion to None, run_after=None
[2024-07-12T00:10:04.739+0000] {processor.py:183} INFO - Processing /opt/airflow/dags/data-ingestion.py took 0.067 seconds
[2024-07-12T00:10:34.989+0000] {processor.py:161} INFO - Started process (PID=428) to work on /opt/airflow/dags/data-ingestion.py
[2024-07-12T00:10:34.990+0000] {processor.py:830} INFO - Processing file /opt/airflow/dags/data-ingestion.py for tasks to queue
[2024-07-12T00:10:34.994+0000] {logging_mixin.py:188} INFO - [2024-07-12T00:10:34.993+0000] {dagbag.py:540} INFO - Filling up the DagBag from /opt/airflow/dags/data-ingestion.py
[2024-07-12T00:10:35.027+0000] {logging_mixin.py:188} INFO - [2024-07-12T00:10:35.027+0000] {base.py:83} INFO - Using connection ID 'datahub_rest_default' for task execution.
[2024-07-12T00:10:35.031+0000] {processor.py:840} INFO - DAG(s) 'data-ingestion' retrieved from /opt/airflow/dags/data-ingestion.py
[2024-07-12T00:10:35.050+0000] {logging_mixin.py:188} INFO - [2024-07-12T00:10:35.050+0000] {dag.py:3047} INFO - Sync 1 DAGs
[2024-07-12T00:10:35.059+0000] {logging_mixin.py:188} INFO - [2024-07-12T00:10:35.059+0000] {dag.py:3834} INFO - Setting next_dagrun for data-ingestion to None, run_after=None
[2024-07-12T00:10:35.071+0000] {processor.py:183} INFO - Processing /opt/airflow/dags/data-ingestion.py took 0.093 seconds
[2024-07-12T00:11:05.262+0000] {processor.py:161} INFO - Started process (PID=433) to work on /opt/airflow/dags/data-ingestion.py
[2024-07-12T00:11:05.264+0000] {processor.py:830} INFO - Processing file /opt/airflow/dags/data-ingestion.py for tasks to queue
[2024-07-12T00:11:05.265+0000] {logging_mixin.py:188} INFO - [2024-07-12T00:11:05.264+0000] {dagbag.py:540} INFO - Filling up the DagBag from /opt/airflow/dags/data-ingestion.py
[2024-07-12T00:11:05.303+0000] {logging_mixin.py:188} INFO - [2024-07-12T00:11:05.302+0000] {base.py:83} INFO - Using connection ID 'datahub_rest_default' for task execution.
[2024-07-12T00:11:05.308+0000] {processor.py:840} INFO - DAG(s) 'data-ingestion' retrieved from /opt/airflow/dags/data-ingestion.py
[2024-07-12T00:11:05.320+0000] {logging_mixin.py:188} INFO - [2024-07-12T00:11:05.320+0000] {dag.py:3047} INFO - Sync 1 DAGs
[2024-07-12T00:11:05.327+0000] {logging_mixin.py:188} INFO - [2024-07-12T00:11:05.327+0000] {dag.py:3834} INFO - Setting next_dagrun for data-ingestion to None, run_after=None
[2024-07-12T00:11:05.338+0000] {processor.py:183} INFO - Processing /opt/airflow/dags/data-ingestion.py took 0.080 seconds
[2024-07-12T00:11:35.617+0000] {processor.py:161} INFO - Started process (PID=438) to work on /opt/airflow/dags/data-ingestion.py
[2024-07-12T00:11:35.619+0000] {processor.py:830} INFO - Processing file /opt/airflow/dags/data-ingestion.py for tasks to queue
[2024-07-12T00:11:35.620+0000] {logging_mixin.py:188} INFO - [2024-07-12T00:11:35.619+0000] {dagbag.py:540} INFO - Filling up the DagBag from /opt/airflow/dags/data-ingestion.py
[2024-07-12T00:11:35.673+0000] {logging_mixin.py:188} INFO - [2024-07-12T00:11:35.673+0000] {base.py:83} INFO - Using connection ID 'datahub_rest_default' for task execution.
[2024-07-12T00:11:35.678+0000] {processor.py:840} INFO - DAG(s) 'data-ingestion' retrieved from /opt/airflow/dags/data-ingestion.py
[2024-07-12T00:11:35.689+0000] {logging_mixin.py:188} INFO - [2024-07-12T00:11:35.689+0000] {dag.py:3047} INFO - Sync 1 DAGs
[2024-07-12T00:11:35.696+0000] {logging_mixin.py:188} INFO - [2024-07-12T00:11:35.696+0000] {dag.py:3834} INFO - Setting next_dagrun for data-ingestion to None, run_after=None
[2024-07-12T00:11:35.708+0000] {processor.py:183} INFO - Processing /opt/airflow/dags/data-ingestion.py took 0.095 seconds
[2024-07-12T00:12:05.948+0000] {processor.py:161} INFO - Started process (PID=443) to work on /opt/airflow/dags/data-ingestion.py
[2024-07-12T00:12:05.949+0000] {processor.py:830} INFO - Processing file /opt/airflow/dags/data-ingestion.py for tasks to queue
[2024-07-12T00:12:05.951+0000] {logging_mixin.py:188} INFO - [2024-07-12T00:12:05.950+0000] {dagbag.py:540} INFO - Filling up the DagBag from /opt/airflow/dags/data-ingestion.py
[2024-07-12T00:12:05.984+0000] {logging_mixin.py:188} INFO - [2024-07-12T00:12:05.984+0000] {base.py:83} INFO - Using connection ID 'datahub_rest_default' for task execution.
[2024-07-12T00:12:05.987+0000] {processor.py:840} INFO - DAG(s) 'data-ingestion' retrieved from /opt/airflow/dags/data-ingestion.py
[2024-07-12T00:12:05.997+0000] {logging_mixin.py:188} INFO - [2024-07-12T00:12:05.997+0000] {dag.py:3047} INFO - Sync 1 DAGs
[2024-07-12T00:12:06.004+0000] {logging_mixin.py:188} INFO - [2024-07-12T00:12:06.003+0000] {dag.py:3834} INFO - Setting next_dagrun for data-ingestion to None, run_after=None
[2024-07-12T00:12:06.014+0000] {processor.py:183} INFO - Processing /opt/airflow/dags/data-ingestion.py took 0.080 seconds
